# JRE version: OpenJDK Runtime Environment (17.0.7) (build 17.0.7+0-b2043.56-10550314)
# Java VM: OpenJDK 64-Bit Server VM (17.0.7+0-b2043.56-10550314, mixed mode, tiered, compressed oops, compressed class ptrs, g1 gc, windows-amd64)
GC Precious Log:
 CPUs: 8 total, 8 available
 Memory: 3446M
 Large Page Support: Disabled
 NUMA Support: Disabled
 Compressed Oops: Enabled (Zero based)
 Heap Region Size: 2M
 Heap Min Capacity: 8M
 Heap Initial Capacity: 54M
 Heap Max Capacity: 4G
 Pre-touch: Disabled
 Parallel Workers: 8
 Concurrent Workers: 2
 Concurrent Refinement Workers: 8
 Periodic GC: Disabled
Heap:
 garbage-first heap   total 714752K, used 179759K [0x0000000700000000, 0x0000000800000000)
  region size 2048K, 3 young (6144K), 3 survivors (6144K)
 Metaspace       used 137120K, committed 138240K, reserved 1179648K
  class space    used 19310K, committed 19840K, reserved 1048576K
GC Heap History (20 events):
Event: 45.307 GC heap after
{Heap after GC invocations=51 (full 0):
 garbage-first heap   total 315392K, used 100693K [0x0000000700000000, 0x0000000800000000)
  region size 2048K, 6 young (12288K), 6 survivors (12288K)
 Metaspace       used 104202K, committed 105024K, reserved 1179648K
  class space    used 14371K, committed 14720K, reserved 1048576K
}
Event: 45.354 GC heap before
{Heap before GC invocations=51 (full 0):
 garbage-first heap   total 315392K, used 151893K [0x0000000700000000, 0x0000000800000000)
  region size 2048K, 7 young (14336K), 6 survivors (12288K)
 Metaspace       used 104206K, committed 105024K, reserved 1179648K
  class space    used 14371K, committed 14720K, reserved 1048576K
}
Event: 45.368 GC heap after
{Heap after GC invocations=52 (full 0):
 garbage-first heap   total 315392K, used 125723K [0x0000000700000000, 0x0000000800000000)
  region size 2048K, 6 young (12288K), 6 survivors (12288K)
 Metaspace       used 104206K, committed 105024K, reserved 1179648K
  class space    used 14371K, committed 14720K, reserved 1048576K
}
Event: 45.385 GC heap before
{Heap before GC invocations=52 (full 0):
 garbage-first heap   total 315392K, used 152347K [0x0000000700000000, 0x0000000800000000)
  region size 2048K, 7 young (14336K), 6 survivors (12288K)
 Metaspace       used 104206K, committed 105024K, reserved 1179648K
  class space    used 14371K, committed 14720K, reserved 1048576K
}
Event: 45.397 GC heap after
{Heap after GC invocations=53 (full 0):
 garbage-first heap   total 315392K, used 125823K [0x0000000700000000, 0x0000000800000000)
  region size 2048K, 3 young (6144K), 3 survivors (6144K)
 Metaspace       used 104206K, committed 105024K, reserved 1179648K
  class space    used 14371K, committed 14720K, reserved 1048576K
}
Event: 45.418 GC heap before
{Heap before GC invocations=53 (full 0):
 garbage-first heap   total 315392K, used 146303K [0x0000000700000000, 0x0000000800000000)
  region size 2048K, 4 young (8192K), 3 survivors (6144K)
 Metaspace       used 104206K, committed 105024K, reserved 1179648K
  class space    used 14371K, committed 14720K, reserved 1048576K
}
Event: 45.427 GC heap after
{Heap after GC invocations=54 (full 0):
 garbage-first heap   total 714752K, used 127151K [0x0000000700000000, 0x0000000800000000)
  region size 2048K, 3 young (6144K), 3 survivors (6144K)
 Metaspace       used 104206K, committed 105024K, reserved 1179648K
  class space    used 14371K, committed 14720K, reserved 1048576K
}
Event: 45.635 GC heap before
{Heap before GC invocations=54 (full 0):
 garbage-first heap   total 714752K, used 325807K [0x0000000700000000, 0x0000000800000000)
  region size 2048K, 4 young (8192K), 3 survivors (6144K)
 Metaspace       used 104206K, committed 105024K, reserved 1179648K
  class space    used 14371K, committed 14720K, reserved 1048576K
}
Event: 45.642 GC heap after
{Heap after GC invocations=55 (full 0):
 garbage-first heap   total 714752K, used 126887K [0x0000000700000000, 0x0000000800000000)
  region size 2048K, 2 young (4096K), 2 survivors (4096K)
 Metaspace       used 104206K, committed 105024K, reserved 1179648K
  class space    used 14371K, committed 14720K, reserved 1048576K
}
Event: 102.650 GC heap before
{Heap before GC invocations=55 (full 0):
 garbage-first heap   total 714752K, used 511911K [0x0000000700000000, 0x0000000800000000)
  region size 2048K, 95 young (194560K), 2 survivors (4096K)
 Metaspace       used 106067K, committed 106880K, reserved 1179648K
  class space    used 14529K, committed 14912K, reserved 1048576K
}
Event: 102.892 GC heap after
{Heap after GC invocations=56 (full 0):
 garbage-first heap   total 714752K, used 135047K [0x0000000700000000, 0x0000000800000000)
  region size 2048K, 7 young (14336K), 7 survivors (14336K)
 Metaspace       used 106067K, committed 106880K, reserved 1179648K
  class space    used 14529K, committed 14912K, reserved 1048576K
}
Event: 358.916 GC heap before
{Heap before GC invocations=56 (full 0):
 garbage-first heap   total 714752K, used 677767K [0x0000000700000000, 0x0000000800000000)
  region size 2048K, 186 young (380928K), 7 survivors (14336K)
 Metaspace       used 113243K, committed 114304K, reserved 1179648K
  class space    used 15464K, committed 15936K, reserved 1048576K
}
Event: 359.319 GC heap after
{Heap after GC invocations=57 (full 0):
 garbage-first heap   total 714752K, used 123359K [0x0000000700000000, 0x0000000800000000)
  region size 2048K, 14 young (28672K), 14 survivors (28672K)
 Metaspace       used 113243K, committed 114304K, reserved 1179648K
  class space    used 15464K, committed 15936K, reserved 1048576K
}
Event: 364.737 GC heap before
{Heap before GC invocations=57 (full 0):
 garbage-first heap   total 714752K, used 201183K [0x0000000700000000, 0x0000000800000000)
  region size 2048K, 51 young (104448K), 14 survivors (28672K)
 Metaspace       used 121387K, committed 122496K, reserved 1179648K
  class space    used 16512K, committed 17024K, reserved 1048576K
}
Event: 365.014 GC heap after
{Heap after GC invocations=58 (full 0):
 garbage-first heap   total 714752K, used 133102K [0x0000000700000000, 0x0000000800000000)
  region size 2048K, 4 young (8192K), 4 survivors (8192K)
 Metaspace       used 121387K, committed 122496K, reserved 1179648K
  class space    used 16512K, committed 17024K, reserved 1048576K
}
Event: 371.480 GC heap before
{Heap before GC invocations=58 (full 0):
 garbage-first heap   total 714752K, used 378862K [0x0000000700000000, 0x0000000800000000)
  region size 2048K, 112 young (229376K), 4 survivors (8192K)
 Metaspace       used 137051K, committed 138240K, reserved 1179648K
  class space    used 19303K, committed 19840K, reserved 1048576K
}
Event: 371.608 GC heap after
{Heap after GC invocations=59 (full 0):
 garbage-first heap   total 714752K, used 172032K [0x0000000700000000, 0x0000000800000000)
  region size 2048K, 14 young (28672K), 14 survivors (28672K)
 Metaspace       used 137051K, committed 138240K, reserved 1179648K
  class space    used 19303K, committed 19840K, reserved 1048576K
}
Event: 371.895 GC heap before
{Heap before GC invocations=59 (full 0):
 garbage-first heap   total 714752K, used 176128K [0x0000000700000000, 0x0000000800000000)
  region size 2048K, 17 young (34816K), 14 survivors (28672K)
 Metaspace       used 137071K, committed 138240K, reserved 1179648K
  class space    used 19303K, committed 19840K, reserved 1048576K
}
Event: 371.993 GC heap after
{Heap after GC invocations=60 (full 0):
 garbage-first heap   total 714752K, used 177966K [0x0000000700000000, 0x0000000800000000)
  region size 2048K, 3 young (6144K), 3 survivors (6144K)
 Metaspace       used 137071K, committed 138240K, reserved 1179648K
  class space    used 19303K, committed 19840K, reserved 1048576K
}
Event: 372.632 GC heap before
{Heap before GC invocations=60 (full 0):
 garbage-first heap   total 714752K, used 204590K [0x0000000700000000, 0x0000000800000000)
  region size 2048K, 17 young (34816K), 3 survivors (6144K)
 Metaspace       used 137120K, committed 138240K, reserved 1179648K
  class space    used 19310K, committed 19840K, reserved 1048576K
}

