# JRE version: OpenJDK Runtime Environment (17.0.7) (build 17.0.7+0-b2043.56-10550314)
# Java VM: OpenJDK 64-Bit Server VM (17.0.7+0-b2043.56-10550314, mixed mode, tiered, compressed oops, compressed class ptrs, g1 gc, windows-amd64)
GC Precious Log:
 CPUs: 8 total, 8 available
 Memory: 3446M
 Large Page Support: Disabled
 NUMA Support: Disabled
 Compressed Oops: Enabled (Zero based)
 Heap Region Size: 2M
 Heap Min Capacity: 8M
 Heap Initial Capacity: 54M
 Heap Max Capacity: 4G
 Pre-touch: Disabled
 Parallel Workers: 8
 Concurrent Workers: 2
 Concurrent Refinement Workers: 8
 Periodic GC: Disabled
Heap:
 garbage-first heap   total 669696K, used 208354K [0x0000000700000000, 0x0000000800000000)
  region size 2048K, 2 young (4096K), 2 survivors (4096K)
 Metaspace       used 135697K, committed 136640K, reserved 1179648K
  class space    used 18414K, committed 18880K, reserved 1048576K
GC Heap History (20 events):
Event: 389.980 GC heap after
{Heap after GC invocations=53 (full 0):
 garbage-first heap   total 274432K, used 156061K [0x0000000700000000, 0x0000000800000000)
  region size 2048K, 3 young (6144K), 3 survivors (6144K)
 Metaspace       used 120130K, committed 121088K, reserved 1179648K
  class space    used 16141K, committed 16576K, reserved 1048576K
}
Event: 390.544 GC heap before
{Heap before GC invocations=53 (full 0):
 garbage-first heap   total 274432K, used 174493K [0x0000000700000000, 0x0000000800000000)
  region size 2048K, 8 young (16384K), 3 survivors (6144K)
 Metaspace       used 120261K, committed 121152K, reserved 1179648K
  class space    used 16153K, committed 16576K, reserved 1048576K
}
Event: 390.565 GC heap after
{Heap after GC invocations=54 (full 0):
 garbage-first heap   total 274432K, used 166457K [0x0000000700000000, 0x0000000800000000)
  region size 2048K, 3 young (6144K), 3 survivors (6144K)
 Metaspace       used 120261K, committed 121152K, reserved 1179648K
  class space    used 16153K, committed 16576K, reserved 1048576K
}
Event: 391.378 GC heap before
{Heap before GC invocations=54 (full 0):
 garbage-first heap   total 274432K, used 205369K [0x0000000700000000, 0x0000000800000000)
  region size 2048K, 6 young (12288K), 3 survivors (6144K)
 Metaspace       used 120365K, committed 121280K, reserved 1179648K
  class space    used 16168K, committed 16576K, reserved 1048576K
}
Event: 391.392 GC heap after
{Heap after GC invocations=55 (full 0):
 garbage-first heap   total 274432K, used 183176K [0x0000000700000000, 0x0000000800000000)
  region size 2048K, 3 young (6144K), 3 survivors (6144K)
 Metaspace       used 120365K, committed 121280K, reserved 1179648K
  class space    used 16168K, committed 16576K, reserved 1048576K
}
Event: 393.926 GC heap before
{Heap before GC invocations=56 (full 0):
 garbage-first heap   total 348160K, used 230280K [0x0000000700000000, 0x0000000800000000)
  region size 2048K, 25 young (51200K), 3 survivors (6144K)
 Metaspace       used 120504K, committed 121472K, reserved 1179648K
  class space    used 16173K, committed 16640K, reserved 1048576K
}
Event: 394.031 GC heap after
{Heap after GC invocations=57 (full 0):
 garbage-first heap   total 348160K, used 185523K [0x0000000700000000, 0x0000000800000000)
  region size 2048K, 1 young (2048K), 1 survivors (2048K)
 Metaspace       used 120504K, committed 121472K, reserved 1179648K
  class space    used 16173K, committed 16640K, reserved 1048576K
}
Event: 394.393 GC heap before
{Heap before GC invocations=57 (full 0):
 garbage-first heap   total 348160K, used 199859K [0x0000000700000000, 0x0000000800000000)
  region size 2048K, 8 young (16384K), 1 survivors (2048K)
 Metaspace       used 120504K, committed 121472K, reserved 1179648K
  class space    used 16173K, committed 16640K, reserved 1048576K
}
Event: 394.413 GC heap after
{Heap after GC invocations=58 (full 0):
 garbage-first heap   total 348160K, used 184184K [0x0000000700000000, 0x0000000800000000)
  region size 2048K, 1 young (2048K), 1 survivors (2048K)
 Metaspace       used 120504K, committed 121472K, reserved 1179648K
  class space    used 16173K, committed 16640K, reserved 1048576K
}
Event: 396.400 GC heap before
{Heap before GC invocations=58 (full 0):
 garbage-first heap   total 348160K, used 290680K [0x0000000700000000, 0x0000000800000000)
  region size 2048K, 53 young (108544K), 1 survivors (2048K)
 Metaspace       used 120505K, committed 121472K, reserved 1179648K
  class space    used 16173K, committed 16640K, reserved 1048576K
}
Event: 396.416 GC heap after
{Heap after GC invocations=59 (full 0):
 garbage-first heap   total 669696K, used 147604K [0x0000000700000000, 0x0000000800000000)
  region size 2048K, 1 young (2048K), 1 survivors (2048K)
 Metaspace       used 120505K, committed 121472K, reserved 1179648K
  class space    used 16173K, committed 16640K, reserved 1048576K
}
Event: 408.143 GC heap before
{Heap before GC invocations=59 (full 0):
 garbage-first heap   total 669696K, used 536724K [0x0000000700000000, 0x0000000800000000)
  region size 2048K, 180 young (368640K), 1 survivors (2048K)
 Metaspace       used 131643K, committed 132544K, reserved 1179648K
  class space    used 17911K, committed 18368K, reserved 1048576K
}
Event: 408.686 GC heap after
{Heap after GC invocations=60 (full 0):
 garbage-first heap   total 669696K, used 191416K [0x0000000700000000, 0x0000000800000000)
  region size 2048K, 21 young (43008K), 21 survivors (43008K)
 Metaspace       used 131643K, committed 132544K, reserved 1179648K
  class space    used 17911K, committed 18368K, reserved 1048576K
}
Event: 410.830 GC heap before
{Heap before GC invocations=60 (full 0):
 garbage-first heap   total 669696K, used 242616K [0x0000000700000000, 0x0000000800000000)
  region size 2048K, 47 young (96256K), 21 survivors (43008K)
 Metaspace       used 133271K, committed 134208K, reserved 1179648K
  class space    used 18114K, committed 18560K, reserved 1048576K
}
Event: 411.483 GC heap after
{Heap after GC invocations=61 (full 0):
 garbage-first heap   total 669696K, used 195722K [0x0000000700000000, 0x0000000800000000)
  region size 2048K, 4 young (8192K), 4 survivors (8192K)
 Metaspace       used 133271K, committed 134208K, reserved 1179648K
  class space    used 18114K, committed 18560K, reserved 1048576K
}
Event: 412.434 GC heap before
{Heap before GC invocations=61 (full 0):
 garbage-first heap   total 669696K, used 240778K [0x0000000700000000, 0x0000000800000000)
  region size 2048K, 27 young (55296K), 4 survivors (8192K)
 Metaspace       used 134800K, committed 135744K, reserved 1179648K
  class space    used 18299K, committed 18752K, reserved 1048576K
}
Event: 412.484 GC heap after
{Heap after GC invocations=62 (full 0):
 garbage-first heap   total 669696K, used 203840K [0x0000000700000000, 0x0000000800000000)
  region size 2048K, 4 young (8192K), 4 survivors (8192K)
 Metaspace       used 134800K, committed 135744K, reserved 1179648K
  class space    used 18299K, committed 18752K, reserved 1048576K
}
Event: 412.937 GC heap before
{Heap before GC invocations=62 (full 0):
 garbage-first heap   total 669696K, used 269376K [0x0000000700000000, 0x0000000800000000)
  region size 2048K, 32 young (65536K), 4 survivors (8192K)
 Metaspace       used 135524K, committed 136448K, reserved 1179648K
  class space    used 18385K, committed 18816K, reserved 1048576K
}
Event: 412.971 GC heap after
{Heap after GC invocations=63 (full 0):
 garbage-first heap   total 669696K, used 214394K [0x0000000700000000, 0x0000000800000000)
  region size 2048K, 2 young (4096K), 2 survivors (4096K)
 Metaspace       used 135524K, committed 136448K, reserved 1179648K
  class space    used 18385K, committed 18816K, reserved 1048576K
}
Event: 421.402 GC heap before
{Heap before GC invocations=63 (full 0):
 garbage-first heap   total 669696K, used 349562K [0x0000000700000000, 0x0000000800000000)
  region size 2048K, 64 young (131072K), 2 survivors (4096K)
 Metaspace       used 135697K, committed 136640K, reserved 1179648K
  class space    used 18414K, committed 18880K, reserved 1048576K
}

