# JRE version: OpenJDK Runtime Environment (17.0.7) (build 17.0.7+0-b2043.56-10550314)
# Java VM: OpenJDK 64-Bit Server VM (17.0.7+0-b2043.56-10550314, mixed mode, tiered, compressed oops, compressed class ptrs, g1 gc, windows-amd64)
GC Precious Log:
 CPUs: 8 total, 8 available
 Memory: 3446M
 Large Page Support: Disabled
 NUMA Support: Disabled
 Compressed Oops: Enabled (Zero based)
 Heap Region Size: 2M
 Heap Min Capacity: 8M
 Heap Initial Capacity: 54M
 Heap Max Capacity: 4G
 Pre-touch: Disabled
 Parallel Workers: 8
 Concurrent Workers: 2
 Concurrent Refinement Workers: 8
 Periodic GC: Disabled
Heap:
 garbage-first heap   total 75776K, used 47021K [0x0000000700000000, 0x0000000800000000)
  region size 2048K, 9 young (18432K), 2 survivors (4096K)
 Metaspace       used 57161K, committed 57664K, reserved 1114112K
  class space    used 7708K, committed 7936K, reserved 1048576K
GC Heap History (20 events):
Event: 7.124 GC heap before
{Heap before GC invocations=7 (full 0):
 garbage-first heap   total 55296K, used 21739K [0x0000000700000000, 0x0000000800000000)
  region size 2048K, 3 young (6144K), 2 survivors (4096K)
 Metaspace       used 24821K, committed 25088K, reserved 1114112K
  class space    used 3189K, committed 3328K, reserved 1048576K
}
Event: 7.130 GC heap after
{Heap after GC invocations=8 (full 0):
 garbage-first heap   total 55296K, used 19684K [0x0000000700000000, 0x0000000800000000)
  region size 2048K, 1 young (2048K), 1 survivors (2048K)
 Metaspace       used 24821K, committed 25088K, reserved 1114112K
  class space    used 3189K, committed 3328K, reserved 1048576K
}
Event: 7.933 GC heap before
{Heap before GC invocations=8 (full 0):
 garbage-first heap   total 55296K, used 38116K [0x0000000700000000, 0x0000000800000000)
  region size 2048K, 10 young (20480K), 1 survivors (2048K)
 Metaspace       used 27962K, committed 28224K, reserved 1114112K
  class space    used 3730K, committed 3840K, reserved 1048576K
}
Event: 7.936 GC heap after
{Heap after GC invocations=9 (full 0):
 garbage-first heap   total 75776K, used 20701K [0x0000000700000000, 0x0000000800000000)
  region size 2048K, 1 young (2048K), 1 survivors (2048K)
 Metaspace       used 27962K, committed 28224K, reserved 1114112K
  class space    used 3730K, committed 3840K, reserved 1048576K
}
Event: 9.322 GC heap before
{Heap before GC invocations=9 (full 0):
 garbage-first heap   total 75776K, used 51421K [0x0000000700000000, 0x0000000800000000)
  region size 2048K, 17 young (34816K), 1 survivors (2048K)
 Metaspace       used 32604K, committed 32960K, reserved 1114112K
  class space    used 4468K, committed 4608K, reserved 1048576K
}
Event: 9.327 GC heap after
{Heap after GC invocations=10 (full 0):
 garbage-first heap   total 75776K, used 22213K [0x0000000700000000, 0x0000000800000000)
  region size 2048K, 2 young (4096K), 2 survivors (4096K)
 Metaspace       used 32604K, committed 32960K, reserved 1114112K
  class space    used 4468K, committed 4608K, reserved 1048576K
}
Event: 9.942 GC heap before
{Heap before GC invocations=10 (full 0):
 garbage-first heap   total 75776K, used 32453K [0x0000000700000000, 0x0000000800000000)
  region size 2048K, 8 young (16384K), 2 survivors (4096K)
 Metaspace       used 35627K, committed 35968K, reserved 1114112K
  class space    used 4752K, committed 4928K, reserved 1048576K
}
Event: 9.950 GC heap after
{Heap after GC invocations=11 (full 0):
 garbage-first heap   total 75776K, used 23786K [0x0000000700000000, 0x0000000800000000)
  region size 2048K, 3 young (6144K), 3 survivors (6144K)
 Metaspace       used 35627K, committed 35968K, reserved 1114112K
  class space    used 4752K, committed 4928K, reserved 1048576K
}
Event: 11.603 GC heap before
{Heap before GC invocations=12 (full 0):
 garbage-first heap   total 75776K, used 56554K [0x0000000700000000, 0x0000000800000000)
  region size 2048K, 19 young (38912K), 3 survivors (6144K)
 Metaspace       used 40237K, committed 40576K, reserved 1114112K
  class space    used 5318K, committed 5440K, reserved 1048576K
}
Event: 11.613 GC heap after
{Heap after GC invocations=13 (full 0):
 garbage-first heap   total 75776K, used 27239K [0x0000000700000000, 0x0000000800000000)
  region size 2048K, 3 young (6144K), 3 survivors (6144K)
 Metaspace       used 40237K, committed 40576K, reserved 1114112K
  class space    used 5318K, committed 5440K, reserved 1048576K
}
Event: 12.776 GC heap before
{Heap before GC invocations=13 (full 0):
 garbage-first heap   total 75776K, used 55911K [0x0000000700000000, 0x0000000800000000)
  region size 2048K, 17 young (34816K), 3 survivors (6144K)
 Metaspace       used 42158K, committed 42496K, reserved 1114112K
  class space    used 5506K, committed 5632K, reserved 1048576K
}
Event: 12.788 GC heap after
{Heap after GC invocations=14 (full 0):
 garbage-first heap   total 75776K, used 29743K [0x0000000700000000, 0x0000000800000000)
  region size 2048K, 3 young (6144K), 3 survivors (6144K)
 Metaspace       used 42158K, committed 42496K, reserved 1114112K
  class space    used 5506K, committed 5632K, reserved 1048576K
}
Event: 14.004 GC heap before
{Heap before GC invocations=14 (full 0):
 garbage-first heap   total 75776K, used 58415K [0x0000000700000000, 0x0000000800000000)
  region size 2048K, 17 young (34816K), 3 survivors (6144K)
 Metaspace       used 44961K, committed 45440K, reserved 1114112K
  class space    used 5867K, committed 6080K, reserved 1048576K
}
Event: 14.011 GC heap after
{Heap after GC invocations=15 (full 0):
 garbage-first heap   total 75776K, used 30983K [0x0000000700000000, 0x0000000800000000)
  region size 2048K, 2 young (4096K), 2 survivors (4096K)
 Metaspace       used 44961K, committed 45440K, reserved 1114112K
  class space    used 5867K, committed 6080K, reserved 1048576K
}
Event: 15.215 GC heap before
{Heap before GC invocations=15 (full 0):
 garbage-first heap   total 75776K, used 57607K [0x0000000700000000, 0x0000000800000000)
  region size 2048K, 15 young (30720K), 2 survivors (4096K)
 Metaspace       used 48271K, committed 48704K, reserved 1114112K
  class space    used 6406K, committed 6592K, reserved 1048576K
}
Event: 15.224 GC heap after
{Heap after GC invocations=16 (full 0):
 garbage-first heap   total 75776K, used 32211K [0x0000000700000000, 0x0000000800000000)
  region size 2048K, 2 young (4096K), 2 survivors (4096K)
 Metaspace       used 48271K, committed 48704K, reserved 1114112K
  class space    used 6406K, committed 6592K, reserved 1048576K
}
Event: 16.346 GC heap before
{Heap before GC invocations=16 (full 0):
 garbage-first heap   total 75776K, used 58835K [0x0000000700000000, 0x0000000800000000)
  region size 2048K, 15 young (30720K), 2 survivors (4096K)
 Metaspace       used 52254K, committed 52672K, reserved 1114112K
  class space    used 7039K, committed 7232K, reserved 1048576K
}
Event: 16.352 GC heap after
{Heap after GC invocations=17 (full 0):
 garbage-first heap   total 75776K, used 33784K [0x0000000700000000, 0x0000000800000000)
  region size 2048K, 2 young (4096K), 2 survivors (4096K)
 Metaspace       used 52254K, committed 52672K, reserved 1114112K
  class space    used 7039K, committed 7232K, reserved 1048576K
}
Event: 17.233 GC heap before
{Heap before GC invocations=17 (full 0):
 garbage-first heap   total 75776K, used 58360K [0x0000000700000000, 0x0000000800000000)
  region size 2048K, 14 young (28672K), 2 survivors (4096K)
 Metaspace       used 55500K, committed 55936K, reserved 1114112K
  class space    used 7498K, committed 7680K, reserved 1048576K
}
Event: 17.238 GC heap after
{Heap after GC invocations=18 (full 0):
 garbage-first heap   total 75776K, used 34733K [0x0000000700000000, 0x0000000800000000)
  region size 2048K, 2 young (4096K), 2 survivors (4096K)
 Metaspace       used 55500K, committed 55936K, reserved 1114112K
  class space    used 7498K, committed 7680K, reserved 1048576K
}

